<?xml version="1.0" encoding="UTF-8"?><testrun name="SingletonTest" project="core" tests="2" started="2" failures="1" errors="0" ignored="0">
  <testsuite name="hello.core.singleton.SingletonTest" time="0.138" displayname="SingletonTest" uniqueid="[engine:junit-jupiter]/[class:hello.core.singleton.SingletonTest]">
    <testcase name="pureContainer" classname="hello.core.singleton.SingletonTest" time="0.116" displayname="스프링 없는 순수한 DI컨테이너" uniqueid="[engine:junit-jupiter]/[class:hello.core.singleton.SingletonTest]/[method:pureContainer()]"/>
    <testcase name="singletonServiceTest" classname="hello.core.singleton.SingletonTest" time="0.021" displayname="싱글톤 패턴을 사용한 객체 사용" uniqueid="[engine:junit-jupiter]/[class:hello.core.singleton.SingletonTest]/[method:singletonServiceTest()]">
      <failure>java.lang.AssertionError: &#13;
Expected not same: hello.core.singleton.SingletonService@57a78e3&#13;
	at hello.core.singleton.SingletonTest.singletonServiceTest(SingletonTest.java:33)&#13;
	at java.base/java.lang.reflect.Method.invoke(Method.java:568)&#13;
	at java.base/java.util.ArrayList.forEach(ArrayList.java:1511)&#13;
	at java.base/java.util.ArrayList.forEach(ArrayList.java:1511)&#13;
&#13;
</failure>
    </testcase>
  </testsuite>
</testrun>
